[2024-10-31T03:56:09.092+0000] {processor.py:186} INFO - Started process (PID=250) to work on /opt/airflow/dags/probation.py
[2024-10-31T03:56:09.093+0000] {processor.py:914} INFO - Processing file /opt/airflow/dags/probation.py for tasks to queue
[2024-10-31T03:56:09.095+0000] {logging_mixin.py:190} INFO - [2024-10-31T03:56:09.095+0000] {dagbag.py:588} INFO - Filling up the DagBag from /opt/airflow/dags/probation.py
[2024-10-31T03:56:09.116+0000] {processor.py:925} INFO - DAG(s) 'probation_v1' retrieved from /opt/airflow/dags/probation.py
[2024-10-31T03:56:09.312+0000] {logging_mixin.py:190} INFO - [2024-10-31T03:56:09.311+0000] {override.py:1900} INFO - Created Permission View: can delete on DAG:probation_v1
[2024-10-31T03:56:09.321+0000] {logging_mixin.py:190} INFO - [2024-10-31T03:56:09.321+0000] {override.py:1900} INFO - Created Permission View: can edit on DAG:probation_v1
[2024-10-31T03:56:09.328+0000] {logging_mixin.py:190} INFO - [2024-10-31T03:56:09.327+0000] {override.py:1900} INFO - Created Permission View: can read on DAG:probation_v1
[2024-10-31T03:56:09.336+0000] {logging_mixin.py:190} INFO - [2024-10-31T03:56:09.336+0000] {override.py:1900} INFO - Created Permission View: can create on DAG Run:probation_v1
[2024-10-31T03:56:09.343+0000] {logging_mixin.py:190} INFO - [2024-10-31T03:56:09.343+0000] {override.py:1900} INFO - Created Permission View: menu access on DAG Run:probation_v1
[2024-10-31T03:56:09.349+0000] {logging_mixin.py:190} INFO - [2024-10-31T03:56:09.349+0000] {override.py:1900} INFO - Created Permission View: can read on DAG Run:probation_v1
[2024-10-31T03:56:09.355+0000] {logging_mixin.py:190} INFO - [2024-10-31T03:56:09.355+0000] {override.py:1900} INFO - Created Permission View: can delete on DAG Run:probation_v1
[2024-10-31T03:56:09.356+0000] {logging_mixin.py:190} INFO - [2024-10-31T03:56:09.355+0000] {dag.py:3239} INFO - Sync 1 DAGs
[2024-10-31T03:56:09.368+0000] {logging_mixin.py:190} INFO - [2024-10-31T03:56:09.367+0000] {dag.py:3262} INFO - Creating ORM DAG for probation_v1
[2024-10-31T03:56:09.379+0000] {logging_mixin.py:190} INFO - [2024-10-31T03:56:09.379+0000] {dag.py:4180} INFO - Setting next_dagrun for probation_v1 to 2024-10-31 07:00:00+00:00, run_after=2024-11-01 07:00:00+00:00
[2024-10-31T03:56:09.393+0000] {processor.py:208} INFO - Processing /opt/airflow/dags/probation.py took 0.306 seconds
[2024-10-31T03:56:39.569+0000] {processor.py:186} INFO - Started process (PID=271) to work on /opt/airflow/dags/probation.py
[2024-10-31T03:56:39.570+0000] {processor.py:914} INFO - Processing file /opt/airflow/dags/probation.py for tasks to queue
[2024-10-31T03:56:39.572+0000] {logging_mixin.py:190} INFO - [2024-10-31T03:56:39.572+0000] {dagbag.py:588} INFO - Filling up the DagBag from /opt/airflow/dags/probation.py
[2024-10-31T03:56:39.586+0000] {processor.py:925} INFO - DAG(s) 'probation_v1' retrieved from /opt/airflow/dags/probation.py
[2024-10-31T03:56:39.707+0000] {logging_mixin.py:190} INFO - [2024-10-31T03:56:39.706+0000] {dag.py:3239} INFO - Sync 1 DAGs
[2024-10-31T03:56:39.736+0000] {logging_mixin.py:190} INFO - [2024-10-31T03:56:39.735+0000] {dag.py:4180} INFO - Setting next_dagrun for probation_v1 to 2024-10-31 07:00:00+00:00, run_after=2024-11-01 07:00:00+00:00
[2024-10-31T03:56:39.899+0000] {processor.py:208} INFO - Processing /opt/airflow/dags/probation.py took 0.336 seconds
[2024-10-31T03:57:09.967+0000] {processor.py:186} INFO - Started process (PID=292) to work on /opt/airflow/dags/probation.py
[2024-10-31T03:57:09.968+0000] {processor.py:914} INFO - Processing file /opt/airflow/dags/probation.py for tasks to queue
[2024-10-31T03:57:09.970+0000] {logging_mixin.py:190} INFO - [2024-10-31T03:57:09.969+0000] {dagbag.py:588} INFO - Filling up the DagBag from /opt/airflow/dags/probation.py
[2024-10-31T03:57:09.979+0000] {processor.py:925} INFO - DAG(s) 'probation_v1' retrieved from /opt/airflow/dags/probation.py
[2024-10-31T03:57:10.075+0000] {logging_mixin.py:190} INFO - [2024-10-31T03:57:10.075+0000] {dag.py:3239} INFO - Sync 1 DAGs
[2024-10-31T03:57:10.230+0000] {logging_mixin.py:190} INFO - [2024-10-31T03:57:10.230+0000] {dag.py:4180} INFO - Setting next_dagrun for probation_v1 to 2024-10-31 07:00:00+00:00, run_after=2024-11-01 07:00:00+00:00
[2024-10-31T03:57:10.245+0000] {processor.py:208} INFO - Processing /opt/airflow/dags/probation.py took 0.283 seconds
[2024-10-31T03:57:41.151+0000] {processor.py:186} INFO - Started process (PID=308) to work on /opt/airflow/dags/probation.py
[2024-10-31T03:57:41.151+0000] {processor.py:914} INFO - Processing file /opt/airflow/dags/probation.py for tasks to queue
[2024-10-31T03:57:41.153+0000] {logging_mixin.py:190} INFO - [2024-10-31T03:57:41.153+0000] {dagbag.py:588} INFO - Filling up the DagBag from /opt/airflow/dags/probation.py
[2024-10-31T03:57:41.162+0000] {processor.py:925} INFO - DAG(s) 'probation_v1' retrieved from /opt/airflow/dags/probation.py
[2024-10-31T03:57:41.257+0000] {logging_mixin.py:190} INFO - [2024-10-31T03:57:41.256+0000] {dag.py:3239} INFO - Sync 1 DAGs
[2024-10-31T03:57:41.407+0000] {logging_mixin.py:190} INFO - [2024-10-31T03:57:41.407+0000] {dag.py:4180} INFO - Setting next_dagrun for probation_v1 to 2024-10-31 07:00:00+00:00, run_after=2024-11-01 07:00:00+00:00
[2024-10-31T03:57:41.421+0000] {processor.py:208} INFO - Processing /opt/airflow/dags/probation.py took 0.276 seconds
[2024-10-31T03:58:11.517+0000] {processor.py:186} INFO - Started process (PID=324) to work on /opt/airflow/dags/probation.py
[2024-10-31T03:58:11.519+0000] {processor.py:914} INFO - Processing file /opt/airflow/dags/probation.py for tasks to queue
[2024-10-31T03:58:11.521+0000] {logging_mixin.py:190} INFO - [2024-10-31T03:58:11.520+0000] {dagbag.py:588} INFO - Filling up the DagBag from /opt/airflow/dags/probation.py
[2024-10-31T03:58:11.531+0000] {processor.py:925} INFO - DAG(s) 'probation_v1' retrieved from /opt/airflow/dags/probation.py
[2024-10-31T03:58:11.631+0000] {logging_mixin.py:190} INFO - [2024-10-31T03:58:11.631+0000] {dag.py:3239} INFO - Sync 1 DAGs
[2024-10-31T03:58:11.654+0000] {logging_mixin.py:190} INFO - [2024-10-31T03:58:11.653+0000] {dag.py:4180} INFO - Setting next_dagrun for probation_v1 to 2024-10-31 07:00:00+00:00, run_after=2024-11-01 07:00:00+00:00
[2024-10-31T03:58:11.675+0000] {processor.py:208} INFO - Processing /opt/airflow/dags/probation.py took 0.163 seconds
[2024-10-31T03:58:41.705+0000] {processor.py:186} INFO - Started process (PID=341) to work on /opt/airflow/dags/probation.py
[2024-10-31T03:58:41.706+0000] {processor.py:914} INFO - Processing file /opt/airflow/dags/probation.py for tasks to queue
[2024-10-31T03:58:41.708+0000] {logging_mixin.py:190} INFO - [2024-10-31T03:58:41.707+0000] {dagbag.py:588} INFO - Filling up the DagBag from /opt/airflow/dags/probation.py
[2024-10-31T03:58:41.717+0000] {processor.py:925} INFO - DAG(s) 'probation_v1' retrieved from /opt/airflow/dags/probation.py
[2024-10-31T03:58:41.808+0000] {logging_mixin.py:190} INFO - [2024-10-31T03:58:41.808+0000] {dag.py:3239} INFO - Sync 1 DAGs
[2024-10-31T03:58:41.826+0000] {logging_mixin.py:190} INFO - [2024-10-31T03:58:41.826+0000] {dag.py:4180} INFO - Setting next_dagrun for probation_v1 to 2024-10-31 07:00:00+00:00, run_after=2024-11-01 07:00:00+00:00
[2024-10-31T03:58:41.842+0000] {processor.py:208} INFO - Processing /opt/airflow/dags/probation.py took 0.142 seconds
[2024-10-31T03:59:12.020+0000] {processor.py:186} INFO - Started process (PID=357) to work on /opt/airflow/dags/probation.py
[2024-10-31T03:59:12.021+0000] {processor.py:914} INFO - Processing file /opt/airflow/dags/probation.py for tasks to queue
[2024-10-31T03:59:12.023+0000] {logging_mixin.py:190} INFO - [2024-10-31T03:59:12.022+0000] {dagbag.py:588} INFO - Filling up the DagBag from /opt/airflow/dags/probation.py
[2024-10-31T03:59:12.032+0000] {processor.py:925} INFO - DAG(s) 'probation_v1' retrieved from /opt/airflow/dags/probation.py
[2024-10-31T03:59:12.124+0000] {logging_mixin.py:190} INFO - [2024-10-31T03:59:12.124+0000] {dag.py:3239} INFO - Sync 1 DAGs
[2024-10-31T03:59:12.142+0000] {logging_mixin.py:190} INFO - [2024-10-31T03:59:12.141+0000] {dag.py:4180} INFO - Setting next_dagrun for probation_v1 to 2024-10-31 07:00:00+00:00, run_after=2024-11-01 07:00:00+00:00
[2024-10-31T03:59:12.157+0000] {processor.py:208} INFO - Processing /opt/airflow/dags/probation.py took 0.141 seconds
[2024-10-31T03:59:42.227+0000] {processor.py:186} INFO - Started process (PID=373) to work on /opt/airflow/dags/probation.py
[2024-10-31T03:59:42.227+0000] {processor.py:914} INFO - Processing file /opt/airflow/dags/probation.py for tasks to queue
[2024-10-31T03:59:42.230+0000] {logging_mixin.py:190} INFO - [2024-10-31T03:59:42.229+0000] {dagbag.py:588} INFO - Filling up the DagBag from /opt/airflow/dags/probation.py
[2024-10-31T03:59:42.239+0000] {processor.py:925} INFO - DAG(s) 'probation_v1' retrieved from /opt/airflow/dags/probation.py
[2024-10-31T03:59:42.332+0000] {logging_mixin.py:190} INFO - [2024-10-31T03:59:42.332+0000] {dag.py:3239} INFO - Sync 1 DAGs
[2024-10-31T03:59:42.349+0000] {logging_mixin.py:190} INFO - [2024-10-31T03:59:42.349+0000] {dag.py:4180} INFO - Setting next_dagrun for probation_v1 to 2024-10-31 07:00:00+00:00, run_after=2024-11-01 07:00:00+00:00
[2024-10-31T03:59:42.490+0000] {processor.py:208} INFO - Processing /opt/airflow/dags/probation.py took 0.268 seconds
[2024-10-31T04:00:12.583+0000] {processor.py:186} INFO - Started process (PID=390) to work on /opt/airflow/dags/probation.py
[2024-10-31T04:00:12.584+0000] {processor.py:914} INFO - Processing file /opt/airflow/dags/probation.py for tasks to queue
[2024-10-31T04:00:12.586+0000] {logging_mixin.py:190} INFO - [2024-10-31T04:00:12.586+0000] {dagbag.py:588} INFO - Filling up the DagBag from /opt/airflow/dags/probation.py
[2024-10-31T04:00:12.595+0000] {processor.py:925} INFO - DAG(s) 'probation_v1' retrieved from /opt/airflow/dags/probation.py
[2024-10-31T04:00:12.687+0000] {logging_mixin.py:190} INFO - [2024-10-31T04:00:12.687+0000] {dag.py:3239} INFO - Sync 1 DAGs
[2024-10-31T04:00:12.833+0000] {logging_mixin.py:190} INFO - [2024-10-31T04:00:12.833+0000] {dag.py:4180} INFO - Setting next_dagrun for probation_v1 to 2024-10-31 07:00:00+00:00, run_after=2024-11-01 07:00:00+00:00
[2024-10-31T04:00:12.848+0000] {processor.py:208} INFO - Processing /opt/airflow/dags/probation.py took 0.269 seconds
[2024-10-31T04:00:43.760+0000] {processor.py:186} INFO - Started process (PID=412) to work on /opt/airflow/dags/probation.py
[2024-10-31T04:00:43.761+0000] {processor.py:914} INFO - Processing file /opt/airflow/dags/probation.py for tasks to queue
[2024-10-31T04:00:43.764+0000] {logging_mixin.py:190} INFO - [2024-10-31T04:00:43.764+0000] {dagbag.py:588} INFO - Filling up the DagBag from /opt/airflow/dags/probation.py
[2024-10-31T04:00:43.774+0000] {processor.py:925} INFO - DAG(s) 'probation_v1' retrieved from /opt/airflow/dags/probation.py
[2024-10-31T04:00:43.870+0000] {logging_mixin.py:190} INFO - [2024-10-31T04:00:43.870+0000] {dag.py:3239} INFO - Sync 1 DAGs
[2024-10-31T04:00:44.030+0000] {logging_mixin.py:190} INFO - [2024-10-31T04:00:44.030+0000] {dag.py:4180} INFO - Setting next_dagrun for probation_v1 to 2024-10-31 07:00:00+00:00, run_after=2024-11-01 07:00:00+00:00
[2024-10-31T04:00:44.046+0000] {processor.py:208} INFO - Processing /opt/airflow/dags/probation.py took 0.290 seconds
[2024-10-31T04:01:14.107+0000] {processor.py:186} INFO - Started process (PID=428) to work on /opt/airflow/dags/probation.py
[2024-10-31T04:01:14.108+0000] {processor.py:914} INFO - Processing file /opt/airflow/dags/probation.py for tasks to queue
[2024-10-31T04:01:14.110+0000] {logging_mixin.py:190} INFO - [2024-10-31T04:01:14.109+0000] {dagbag.py:588} INFO - Filling up the DagBag from /opt/airflow/dags/probation.py
[2024-10-31T04:01:14.120+0000] {processor.py:925} INFO - DAG(s) 'probation_v1' retrieved from /opt/airflow/dags/probation.py
[2024-10-31T04:01:14.220+0000] {logging_mixin.py:190} INFO - [2024-10-31T04:01:14.219+0000] {dag.py:3239} INFO - Sync 1 DAGs
[2024-10-31T04:01:14.238+0000] {logging_mixin.py:190} INFO - [2024-10-31T04:01:14.237+0000] {dag.py:4180} INFO - Setting next_dagrun for probation_v1 to 2024-10-31 07:00:00+00:00, run_after=2024-11-01 07:00:00+00:00
[2024-10-31T04:01:14.256+0000] {processor.py:208} INFO - Processing /opt/airflow/dags/probation.py took 0.153 seconds
[2024-10-31T04:01:44.369+0000] {processor.py:186} INFO - Started process (PID=476) to work on /opt/airflow/dags/probation.py
[2024-10-31T04:01:44.370+0000] {processor.py:914} INFO - Processing file /opt/airflow/dags/probation.py for tasks to queue
[2024-10-31T04:01:44.372+0000] {logging_mixin.py:190} INFO - [2024-10-31T04:01:44.372+0000] {dagbag.py:588} INFO - Filling up the DagBag from /opt/airflow/dags/probation.py
[2024-10-31T04:01:44.382+0000] {processor.py:925} INFO - DAG(s) 'probation_v1' retrieved from /opt/airflow/dags/probation.py
[2024-10-31T04:01:44.479+0000] {logging_mixin.py:190} INFO - [2024-10-31T04:01:44.479+0000] {dag.py:3239} INFO - Sync 1 DAGs
[2024-10-31T04:01:44.501+0000] {logging_mixin.py:190} INFO - [2024-10-31T04:01:44.501+0000] {dag.py:4180} INFO - Setting next_dagrun for probation_v1 to 2024-10-31 07:00:00+00:00, run_after=2024-11-01 07:00:00+00:00
[2024-10-31T04:01:44.521+0000] {processor.py:208} INFO - Processing /opt/airflow/dags/probation.py took 0.157 seconds
[2024-10-31T04:02:14.713+0000] {processor.py:186} INFO - Started process (PID=524) to work on /opt/airflow/dags/probation.py
[2024-10-31T04:02:14.713+0000] {processor.py:914} INFO - Processing file /opt/airflow/dags/probation.py for tasks to queue
[2024-10-31T04:02:14.716+0000] {logging_mixin.py:190} INFO - [2024-10-31T04:02:14.715+0000] {dagbag.py:588} INFO - Filling up the DagBag from /opt/airflow/dags/probation.py
[2024-10-31T04:02:14.726+0000] {processor.py:925} INFO - DAG(s) 'probation_v1' retrieved from /opt/airflow/dags/probation.py
[2024-10-31T04:02:14.818+0000] {logging_mixin.py:190} INFO - [2024-10-31T04:02:14.818+0000] {dag.py:3239} INFO - Sync 1 DAGs
[2024-10-31T04:02:14.837+0000] {logging_mixin.py:190} INFO - [2024-10-31T04:02:14.836+0000] {dag.py:4180} INFO - Setting next_dagrun for probation_v1 to 2024-10-31 07:00:00+00:00, run_after=2024-11-01 07:00:00+00:00
[2024-10-31T04:02:14.853+0000] {processor.py:208} INFO - Processing /opt/airflow/dags/probation.py took 0.145 seconds
[2024-10-31T04:02:45.068+0000] {processor.py:186} INFO - Started process (PID=562) to work on /opt/airflow/dags/probation.py
[2024-10-31T04:02:45.069+0000] {processor.py:914} INFO - Processing file /opt/airflow/dags/probation.py for tasks to queue
[2024-10-31T04:02:45.071+0000] {logging_mixin.py:190} INFO - [2024-10-31T04:02:45.070+0000] {dagbag.py:588} INFO - Filling up the DagBag from /opt/airflow/dags/probation.py
[2024-10-31T04:02:45.080+0000] {processor.py:925} INFO - DAG(s) 'probation_v1' retrieved from /opt/airflow/dags/probation.py
[2024-10-31T04:02:45.173+0000] {logging_mixin.py:190} INFO - [2024-10-31T04:02:45.173+0000] {dag.py:3239} INFO - Sync 1 DAGs
[2024-10-31T04:02:45.193+0000] {logging_mixin.py:190} INFO - [2024-10-31T04:02:45.192+0000] {dag.py:4180} INFO - Setting next_dagrun for probation_v1 to 2024-10-31 07:00:00+00:00, run_after=2024-11-01 07:00:00+00:00
[2024-10-31T04:02:45.344+0000] {processor.py:208} INFO - Processing /opt/airflow/dags/probation.py took 0.281 seconds
[2024-10-31T04:03:15.539+0000] {processor.py:186} INFO - Started process (PID=586) to work on /opt/airflow/dags/probation.py
[2024-10-31T04:03:15.540+0000] {processor.py:914} INFO - Processing file /opt/airflow/dags/probation.py for tasks to queue
[2024-10-31T04:03:15.542+0000] {logging_mixin.py:190} INFO - [2024-10-31T04:03:15.542+0000] {dagbag.py:588} INFO - Filling up the DagBag from /opt/airflow/dags/probation.py
[2024-10-31T04:03:15.555+0000] {processor.py:925} INFO - DAG(s) 'probation_v1' retrieved from /opt/airflow/dags/probation.py
[2024-10-31T04:03:15.650+0000] {logging_mixin.py:190} INFO - [2024-10-31T04:03:15.650+0000] {dag.py:3239} INFO - Sync 1 DAGs
[2024-10-31T04:03:15.813+0000] {logging_mixin.py:190} INFO - [2024-10-31T04:03:15.813+0000] {dag.py:4180} INFO - Setting next_dagrun for probation_v1 to 2024-10-31 07:00:00+00:00, run_after=2024-11-01 07:00:00+00:00
[2024-10-31T04:03:15.829+0000] {processor.py:208} INFO - Processing /opt/airflow/dags/probation.py took 0.295 seconds
[2024-10-31T04:03:46.756+0000] {processor.py:186} INFO - Started process (PID=606) to work on /opt/airflow/dags/probation.py
[2024-10-31T04:03:46.757+0000] {processor.py:914} INFO - Processing file /opt/airflow/dags/probation.py for tasks to queue
[2024-10-31T04:03:46.759+0000] {logging_mixin.py:190} INFO - [2024-10-31T04:03:46.759+0000] {dagbag.py:588} INFO - Filling up the DagBag from /opt/airflow/dags/probation.py
[2024-10-31T04:03:46.769+0000] {processor.py:925} INFO - DAG(s) 'probation_v1' retrieved from /opt/airflow/dags/probation.py
[2024-10-31T04:03:46.989+0000] {logging_mixin.py:190} INFO - [2024-10-31T04:03:46.989+0000] {dag.py:3239} INFO - Sync 1 DAGs
[2024-10-31T04:03:47.006+0000] {logging_mixin.py:190} INFO - [2024-10-31T04:03:47.005+0000] {dag.py:4180} INFO - Setting next_dagrun for probation_v1 to 2024-10-31 07:00:00+00:00, run_after=2024-11-01 07:00:00+00:00
[2024-10-31T04:03:47.020+0000] {processor.py:208} INFO - Processing /opt/airflow/dags/probation.py took 0.268 seconds
[2024-10-31T04:04:17.062+0000] {processor.py:186} INFO - Started process (PID=622) to work on /opt/airflow/dags/probation.py
[2024-10-31T04:04:17.063+0000] {processor.py:914} INFO - Processing file /opt/airflow/dags/probation.py for tasks to queue
[2024-10-31T04:04:17.064+0000] {logging_mixin.py:190} INFO - [2024-10-31T04:04:17.064+0000] {dagbag.py:588} INFO - Filling up the DagBag from /opt/airflow/dags/probation.py
[2024-10-31T04:04:17.076+0000] {processor.py:925} INFO - DAG(s) 'probation_v1' retrieved from /opt/airflow/dags/probation.py
[2024-10-31T04:04:17.177+0000] {logging_mixin.py:190} INFO - [2024-10-31T04:04:17.177+0000] {dag.py:3239} INFO - Sync 1 DAGs
[2024-10-31T04:04:17.195+0000] {logging_mixin.py:190} INFO - [2024-10-31T04:04:17.195+0000] {dag.py:4180} INFO - Setting next_dagrun for probation_v1 to 2024-10-31 07:00:00+00:00, run_after=2024-11-01 07:00:00+00:00
[2024-10-31T04:04:17.210+0000] {processor.py:208} INFO - Processing /opt/airflow/dags/probation.py took 0.153 seconds
[2024-10-31T04:04:47.245+0000] {processor.py:186} INFO - Started process (PID=638) to work on /opt/airflow/dags/probation.py
[2024-10-31T04:04:47.246+0000] {processor.py:914} INFO - Processing file /opt/airflow/dags/probation.py for tasks to queue
[2024-10-31T04:04:47.247+0000] {logging_mixin.py:190} INFO - [2024-10-31T04:04:47.247+0000] {dagbag.py:588} INFO - Filling up the DagBag from /opt/airflow/dags/probation.py
[2024-10-31T04:04:47.257+0000] {processor.py:925} INFO - DAG(s) 'probation_v1' retrieved from /opt/airflow/dags/probation.py
[2024-10-31T04:04:47.357+0000] {logging_mixin.py:190} INFO - [2024-10-31T04:04:47.356+0000] {dag.py:3239} INFO - Sync 1 DAGs
[2024-10-31T04:04:47.375+0000] {logging_mixin.py:190} INFO - [2024-10-31T04:04:47.375+0000] {dag.py:4180} INFO - Setting next_dagrun for probation_v1 to 2024-10-31 07:00:00+00:00, run_after=2024-11-01 07:00:00+00:00
[2024-10-31T04:04:47.391+0000] {processor.py:208} INFO - Processing /opt/airflow/dags/probation.py took 0.151 seconds
[2024-10-31T04:05:17.497+0000] {processor.py:186} INFO - Started process (PID=654) to work on /opt/airflow/dags/probation.py
[2024-10-31T04:05:17.497+0000] {processor.py:914} INFO - Processing file /opt/airflow/dags/probation.py for tasks to queue
[2024-10-31T04:05:17.498+0000] {logging_mixin.py:190} INFO - [2024-10-31T04:05:17.498+0000] {dagbag.py:588} INFO - Filling up the DagBag from /opt/airflow/dags/probation.py
[2024-10-31T04:05:17.511+0000] {processor.py:925} INFO - DAG(s) 'probation_v1' retrieved from /opt/airflow/dags/probation.py
[2024-10-31T04:05:17.617+0000] {logging_mixin.py:190} INFO - [2024-10-31T04:05:17.616+0000] {dag.py:3239} INFO - Sync 1 DAGs
[2024-10-31T04:05:17.637+0000] {logging_mixin.py:190} INFO - [2024-10-31T04:05:17.637+0000] {dag.py:4180} INFO - Setting next_dagrun for probation_v1 to 2024-10-31 07:00:00+00:00, run_after=2024-11-01 07:00:00+00:00
[2024-10-31T04:05:17.818+0000] {processor.py:208} INFO - Processing /opt/airflow/dags/probation.py took 0.328 seconds
[2024-10-31T04:08:26.862+0000] {processor.py:186} INFO - Started process (PID=182) to work on /opt/airflow/dags/probation.py
[2024-10-31T04:08:26.865+0000] {processor.py:914} INFO - Processing file /opt/airflow/dags/probation.py for tasks to queue
[2024-10-31T04:08:26.869+0000] {logging_mixin.py:190} INFO - [2024-10-31T04:08:26.868+0000] {dagbag.py:588} INFO - Filling up the DagBag from /opt/airflow/dags/probation.py
[2024-10-31T04:08:26.893+0000] {processor.py:925} INFO - DAG(s) 'probation_v1' retrieved from /opt/airflow/dags/probation.py
[2024-10-31T04:08:27.236+0000] {logging_mixin.py:190} INFO - [2024-10-31T04:08:27.235+0000] {override.py:1900} INFO - Created Permission View: can edit on DAG:probation_v1
[2024-10-31T04:08:27.252+0000] {logging_mixin.py:190} INFO - [2024-10-31T04:08:27.252+0000] {override.py:1900} INFO - Created Permission View: can read on DAG:probation_v1
[2024-10-31T04:08:27.260+0000] {logging_mixin.py:190} INFO - [2024-10-31T04:08:27.260+0000] {override.py:1900} INFO - Created Permission View: can delete on DAG:probation_v1
[2024-10-31T04:08:27.272+0000] {logging_mixin.py:190} INFO - [2024-10-31T04:08:27.272+0000] {override.py:1900} INFO - Created Permission View: menu access on DAG Run:probation_v1
[2024-10-31T04:08:27.282+0000] {logging_mixin.py:190} INFO - [2024-10-31T04:08:27.281+0000] {override.py:1900} INFO - Created Permission View: can delete on DAG Run:probation_v1
[2024-10-31T04:08:27.291+0000] {logging_mixin.py:190} INFO - [2024-10-31T04:08:27.291+0000] {override.py:1900} INFO - Created Permission View: can read on DAG Run:probation_v1
[2024-10-31T04:08:27.300+0000] {logging_mixin.py:190} INFO - [2024-10-31T04:08:27.299+0000] {override.py:1900} INFO - Created Permission View: can create on DAG Run:probation_v1
[2024-10-31T04:08:27.301+0000] {logging_mixin.py:190} INFO - [2024-10-31T04:08:27.301+0000] {dag.py:3239} INFO - Sync 1 DAGs
[2024-10-31T04:08:27.319+0000] {logging_mixin.py:190} INFO - [2024-10-31T04:08:27.318+0000] {dag.py:3262} INFO - Creating ORM DAG for probation_v1
[2024-10-31T04:08:27.332+0000] {logging_mixin.py:190} INFO - [2024-10-31T04:08:27.331+0000] {dag.py:4180} INFO - Setting next_dagrun for probation_v1 to 2024-10-31 07:00:00+00:00, run_after=2024-11-01 07:00:00+00:00
[2024-10-31T04:08:27.350+0000] {processor.py:208} INFO - Processing /opt/airflow/dags/probation.py took 0.495 seconds
[2024-10-31T04:08:57.494+0000] {processor.py:186} INFO - Started process (PID=201) to work on /opt/airflow/dags/probation.py
[2024-10-31T04:08:57.494+0000] {processor.py:914} INFO - Processing file /opt/airflow/dags/probation.py for tasks to queue
[2024-10-31T04:08:57.497+0000] {logging_mixin.py:190} INFO - [2024-10-31T04:08:57.497+0000] {dagbag.py:588} INFO - Filling up the DagBag from /opt/airflow/dags/probation.py
[2024-10-31T04:08:57.507+0000] {processor.py:925} INFO - DAG(s) 'probation_v1' retrieved from /opt/airflow/dags/probation.py
[2024-10-31T04:08:57.643+0000] {logging_mixin.py:190} INFO - [2024-10-31T04:08:57.643+0000] {dag.py:3239} INFO - Sync 1 DAGs
[2024-10-31T04:08:57.665+0000] {logging_mixin.py:190} INFO - [2024-10-31T04:08:57.665+0000] {dag.py:4180} INFO - Setting next_dagrun for probation_v1 to 2024-10-31 07:00:00+00:00, run_after=2024-11-01 07:00:00+00:00
[2024-10-31T04:08:57.684+0000] {processor.py:208} INFO - Processing /opt/airflow/dags/probation.py took 0.194 seconds
[2024-10-31T04:09:27.800+0000] {processor.py:186} INFO - Started process (PID=223) to work on /opt/airflow/dags/probation.py
[2024-10-31T04:09:27.801+0000] {processor.py:914} INFO - Processing file /opt/airflow/dags/probation.py for tasks to queue
[2024-10-31T04:09:27.804+0000] {logging_mixin.py:190} INFO - [2024-10-31T04:09:27.804+0000] {dagbag.py:588} INFO - Filling up the DagBag from /opt/airflow/dags/probation.py
[2024-10-31T04:09:27.820+0000] {processor.py:925} INFO - DAG(s) 'probation_v1' retrieved from /opt/airflow/dags/probation.py
[2024-10-31T04:09:27.940+0000] {logging_mixin.py:190} INFO - [2024-10-31T04:09:27.940+0000] {dag.py:3239} INFO - Sync 1 DAGs
[2024-10-31T04:09:27.958+0000] {logging_mixin.py:190} INFO - [2024-10-31T04:09:27.958+0000] {dag.py:4180} INFO - Setting next_dagrun for probation_v1 to 2024-10-31 07:00:00+00:00, run_after=2024-11-01 07:00:00+00:00
[2024-10-31T04:09:27.973+0000] {processor.py:208} INFO - Processing /opt/airflow/dags/probation.py took 0.184 seconds
[2024-10-31T04:09:58.094+0000] {processor.py:186} INFO - Started process (PID=243) to work on /opt/airflow/dags/probation.py
[2024-10-31T04:09:58.095+0000] {processor.py:914} INFO - Processing file /opt/airflow/dags/probation.py for tasks to queue
[2024-10-31T04:09:58.096+0000] {logging_mixin.py:190} INFO - [2024-10-31T04:09:58.096+0000] {dagbag.py:588} INFO - Filling up the DagBag from /opt/airflow/dags/probation.py
[2024-10-31T04:09:58.112+0000] {processor.py:925} INFO - DAG(s) 'probation_v1' retrieved from /opt/airflow/dags/probation.py
[2024-10-31T04:09:58.222+0000] {logging_mixin.py:190} INFO - [2024-10-31T04:09:58.222+0000] {dag.py:3239} INFO - Sync 1 DAGs
[2024-10-31T04:09:58.239+0000] {logging_mixin.py:190} INFO - [2024-10-31T04:09:58.239+0000] {dag.py:4180} INFO - Setting next_dagrun for probation_v1 to 2024-10-31 07:00:00+00:00, run_after=2024-11-01 07:00:00+00:00
[2024-10-31T04:09:58.253+0000] {processor.py:208} INFO - Processing /opt/airflow/dags/probation.py took 0.164 seconds
[2024-10-31T04:10:52.071+0000] {processor.py:186} INFO - Started process (PID=182) to work on /opt/airflow/dags/probation.py
[2024-10-31T04:10:52.072+0000] {processor.py:914} INFO - Processing file /opt/airflow/dags/probation.py for tasks to queue
[2024-10-31T04:10:52.074+0000] {logging_mixin.py:190} INFO - [2024-10-31T04:10:52.073+0000] {dagbag.py:588} INFO - Filling up the DagBag from /opt/airflow/dags/probation.py
[2024-10-31T04:10:52.098+0000] {processor.py:925} INFO - DAG(s) 'probation_v1' retrieved from /opt/airflow/dags/probation.py
[2024-10-31T04:10:52.354+0000] {logging_mixin.py:190} INFO - [2024-10-31T04:10:52.353+0000] {override.py:1900} INFO - Created Permission View: can read on DAG:probation_v1
[2024-10-31T04:10:52.365+0000] {logging_mixin.py:190} INFO - [2024-10-31T04:10:52.365+0000] {override.py:1900} INFO - Created Permission View: can edit on DAG:probation_v1
[2024-10-31T04:10:52.373+0000] {logging_mixin.py:190} INFO - [2024-10-31T04:10:52.373+0000] {override.py:1900} INFO - Created Permission View: can delete on DAG:probation_v1
[2024-10-31T04:10:52.383+0000] {logging_mixin.py:190} INFO - [2024-10-31T04:10:52.383+0000] {override.py:1900} INFO - Created Permission View: menu access on DAG Run:probation_v1
[2024-10-31T04:10:52.392+0000] {logging_mixin.py:190} INFO - [2024-10-31T04:10:52.391+0000] {override.py:1900} INFO - Created Permission View: can read on DAG Run:probation_v1
[2024-10-31T04:10:52.400+0000] {logging_mixin.py:190} INFO - [2024-10-31T04:10:52.399+0000] {override.py:1900} INFO - Created Permission View: can create on DAG Run:probation_v1
[2024-10-31T04:10:52.407+0000] {logging_mixin.py:190} INFO - [2024-10-31T04:10:52.407+0000] {override.py:1900} INFO - Created Permission View: can delete on DAG Run:probation_v1
[2024-10-31T04:10:52.408+0000] {logging_mixin.py:190} INFO - [2024-10-31T04:10:52.407+0000] {dag.py:3239} INFO - Sync 1 DAGs
[2024-10-31T04:10:52.418+0000] {logging_mixin.py:190} INFO - [2024-10-31T04:10:52.418+0000] {dag.py:3262} INFO - Creating ORM DAG for probation_v1
[2024-10-31T04:10:52.428+0000] {logging_mixin.py:190} INFO - [2024-10-31T04:10:52.428+0000] {dag.py:4180} INFO - Setting next_dagrun for probation_v1 to 2024-10-31 07:00:00+00:00, run_after=2024-11-01 07:00:00+00:00
[2024-10-31T04:10:52.448+0000] {processor.py:208} INFO - Processing /opt/airflow/dags/probation.py took 0.381 seconds
[2024-10-31T04:11:22.629+0000] {processor.py:186} INFO - Started process (PID=198) to work on /opt/airflow/dags/probation.py
[2024-10-31T04:11:22.630+0000] {processor.py:914} INFO - Processing file /opt/airflow/dags/probation.py for tasks to queue
[2024-10-31T04:11:22.633+0000] {logging_mixin.py:190} INFO - [2024-10-31T04:11:22.633+0000] {dagbag.py:588} INFO - Filling up the DagBag from /opt/airflow/dags/probation.py
[2024-10-31T04:11:22.646+0000] {processor.py:925} INFO - DAG(s) 'probation_v1' retrieved from /opt/airflow/dags/probation.py
[2024-10-31T04:11:22.759+0000] {logging_mixin.py:190} INFO - [2024-10-31T04:11:22.759+0000] {dag.py:3239} INFO - Sync 1 DAGs
[2024-10-31T04:11:22.779+0000] {logging_mixin.py:190} INFO - [2024-10-31T04:11:22.779+0000] {dag.py:4180} INFO - Setting next_dagrun for probation_v1 to 2024-10-31 07:00:00+00:00, run_after=2024-11-01 07:00:00+00:00
[2024-10-31T04:11:22.794+0000] {processor.py:208} INFO - Processing /opt/airflow/dags/probation.py took 0.170 seconds
[2024-10-31T04:11:52.929+0000] {processor.py:186} INFO - Started process (PID=220) to work on /opt/airflow/dags/probation.py
[2024-10-31T04:11:52.930+0000] {processor.py:914} INFO - Processing file /opt/airflow/dags/probation.py for tasks to queue
[2024-10-31T04:11:52.935+0000] {logging_mixin.py:190} INFO - [2024-10-31T04:11:52.935+0000] {dagbag.py:588} INFO - Filling up the DagBag from /opt/airflow/dags/probation.py
[2024-10-31T04:11:52.947+0000] {processor.py:925} INFO - DAG(s) 'probation_v1' retrieved from /opt/airflow/dags/probation.py
[2024-10-31T04:11:53.041+0000] {logging_mixin.py:190} INFO - [2024-10-31T04:11:53.040+0000] {dag.py:3239} INFO - Sync 1 DAGs
[2024-10-31T04:11:53.059+0000] {logging_mixin.py:190} INFO - [2024-10-31T04:11:53.059+0000] {dag.py:4180} INFO - Setting next_dagrun for probation_v1 to 2024-10-31 07:00:00+00:00, run_after=2024-11-01 07:00:00+00:00
[2024-10-31T04:11:53.086+0000] {processor.py:208} INFO - Processing /opt/airflow/dags/probation.py took 0.162 seconds
[2024-10-31T04:12:23.202+0000] {processor.py:186} INFO - Started process (PID=242) to work on /opt/airflow/dags/probation.py
[2024-10-31T04:12:23.202+0000] {processor.py:914} INFO - Processing file /opt/airflow/dags/probation.py for tasks to queue
[2024-10-31T04:12:23.204+0000] {logging_mixin.py:190} INFO - [2024-10-31T04:12:23.203+0000] {dagbag.py:588} INFO - Filling up the DagBag from /opt/airflow/dags/probation.py
[2024-10-31T04:12:23.215+0000] {processor.py:925} INFO - DAG(s) 'probation_v1' retrieved from /opt/airflow/dags/probation.py
[2024-10-31T04:12:23.311+0000] {logging_mixin.py:190} INFO - [2024-10-31T04:12:23.311+0000] {dag.py:3239} INFO - Sync 1 DAGs
[2024-10-31T04:12:23.330+0000] {logging_mixin.py:190} INFO - [2024-10-31T04:12:23.330+0000] {dag.py:4180} INFO - Setting next_dagrun for probation_v1 to 2024-10-31 07:00:00+00:00, run_after=2024-11-01 07:00:00+00:00
[2024-10-31T04:12:23.348+0000] {processor.py:208} INFO - Processing /opt/airflow/dags/probation.py took 0.151 seconds
[2024-10-31T04:12:53.554+0000] {processor.py:186} INFO - Started process (PID=260) to work on /opt/airflow/dags/probation.py
[2024-10-31T04:12:53.554+0000] {processor.py:914} INFO - Processing file /opt/airflow/dags/probation.py for tasks to queue
[2024-10-31T04:12:53.556+0000] {logging_mixin.py:190} INFO - [2024-10-31T04:12:53.556+0000] {dagbag.py:588} INFO - Filling up the DagBag from /opt/airflow/dags/probation.py
[2024-10-31T04:12:53.567+0000] {processor.py:925} INFO - DAG(s) 'probation_v1' retrieved from /opt/airflow/dags/probation.py
[2024-10-31T04:12:53.660+0000] {logging_mixin.py:190} INFO - [2024-10-31T04:12:53.660+0000] {dag.py:3239} INFO - Sync 1 DAGs
[2024-10-31T04:12:53.679+0000] {logging_mixin.py:190} INFO - [2024-10-31T04:12:53.679+0000] {dag.py:4180} INFO - Setting next_dagrun for probation_v1 to 2024-10-31 07:00:00+00:00, run_after=2024-11-01 07:00:00+00:00
[2024-10-31T04:12:53.698+0000] {processor.py:208} INFO - Processing /opt/airflow/dags/probation.py took 0.149 seconds
[2024-10-31T04:13:23.896+0000] {processor.py:186} INFO - Started process (PID=276) to work on /opt/airflow/dags/probation.py
[2024-10-31T04:13:23.897+0000] {processor.py:914} INFO - Processing file /opt/airflow/dags/probation.py for tasks to queue
[2024-10-31T04:13:23.899+0000] {logging_mixin.py:190} INFO - [2024-10-31T04:13:23.899+0000] {dagbag.py:588} INFO - Filling up the DagBag from /opt/airflow/dags/probation.py
[2024-10-31T04:13:23.909+0000] {processor.py:925} INFO - DAG(s) 'probation_v1' retrieved from /opt/airflow/dags/probation.py
[2024-10-31T04:13:24.000+0000] {logging_mixin.py:190} INFO - [2024-10-31T04:13:23.999+0000] {dag.py:3239} INFO - Sync 1 DAGs
[2024-10-31T04:13:24.016+0000] {logging_mixin.py:190} INFO - [2024-10-31T04:13:24.016+0000] {dag.py:4180} INFO - Setting next_dagrun for probation_v1 to 2024-10-31 07:00:00+00:00, run_after=2024-11-01 07:00:00+00:00
[2024-10-31T04:13:24.033+0000] {processor.py:208} INFO - Processing /opt/airflow/dags/probation.py took 0.142 seconds
[2024-10-31T04:13:54.093+0000] {processor.py:186} INFO - Started process (PID=298) to work on /opt/airflow/dags/probation.py
[2024-10-31T04:13:54.094+0000] {processor.py:914} INFO - Processing file /opt/airflow/dags/probation.py for tasks to queue
[2024-10-31T04:13:54.096+0000] {logging_mixin.py:190} INFO - [2024-10-31T04:13:54.095+0000] {dagbag.py:588} INFO - Filling up the DagBag from /opt/airflow/dags/probation.py
[2024-10-31T04:13:54.105+0000] {processor.py:925} INFO - DAG(s) 'probation_v1' retrieved from /opt/airflow/dags/probation.py
[2024-10-31T04:13:54.192+0000] {logging_mixin.py:190} INFO - [2024-10-31T04:13:54.192+0000] {dag.py:3239} INFO - Sync 1 DAGs
[2024-10-31T04:13:54.210+0000] {logging_mixin.py:190} INFO - [2024-10-31T04:13:54.210+0000] {dag.py:4180} INFO - Setting next_dagrun for probation_v1 to 2024-10-31 07:00:00+00:00, run_after=2024-11-01 07:00:00+00:00
[2024-10-31T04:13:54.225+0000] {processor.py:208} INFO - Processing /opt/airflow/dags/probation.py took 0.136 seconds
[2024-10-31T04:14:24.330+0000] {processor.py:186} INFO - Started process (PID=314) to work on /opt/airflow/dags/probation.py
[2024-10-31T04:14:24.331+0000] {processor.py:914} INFO - Processing file /opt/airflow/dags/probation.py for tasks to queue
[2024-10-31T04:14:24.333+0000] {logging_mixin.py:190} INFO - [2024-10-31T04:14:24.333+0000] {dagbag.py:588} INFO - Filling up the DagBag from /opt/airflow/dags/probation.py
[2024-10-31T04:14:24.343+0000] {processor.py:925} INFO - DAG(s) 'probation_v1' retrieved from /opt/airflow/dags/probation.py
[2024-10-31T04:14:24.435+0000] {logging_mixin.py:190} INFO - [2024-10-31T04:14:24.434+0000] {dag.py:3239} INFO - Sync 1 DAGs
[2024-10-31T04:14:24.452+0000] {logging_mixin.py:190} INFO - [2024-10-31T04:14:24.452+0000] {dag.py:4180} INFO - Setting next_dagrun for probation_v1 to 2024-10-31 07:00:00+00:00, run_after=2024-11-01 07:00:00+00:00
[2024-10-31T04:14:24.467+0000] {processor.py:208} INFO - Processing /opt/airflow/dags/probation.py took 0.142 seconds
[2024-10-31T04:14:54.664+0000] {processor.py:186} INFO - Started process (PID=330) to work on /opt/airflow/dags/probation.py
[2024-10-31T04:14:54.664+0000] {processor.py:914} INFO - Processing file /opt/airflow/dags/probation.py for tasks to queue
[2024-10-31T04:14:54.666+0000] {logging_mixin.py:190} INFO - [2024-10-31T04:14:54.666+0000] {dagbag.py:588} INFO - Filling up the DagBag from /opt/airflow/dags/probation.py
[2024-10-31T04:14:54.676+0000] {processor.py:925} INFO - DAG(s) 'probation_v1' retrieved from /opt/airflow/dags/probation.py
[2024-10-31T04:14:54.767+0000] {logging_mixin.py:190} INFO - [2024-10-31T04:14:54.767+0000] {dag.py:3239} INFO - Sync 1 DAGs
[2024-10-31T04:14:54.786+0000] {logging_mixin.py:190} INFO - [2024-10-31T04:14:54.786+0000] {dag.py:4180} INFO - Setting next_dagrun for probation_v1 to 2024-10-31 07:00:00+00:00, run_after=2024-11-01 07:00:00+00:00
[2024-10-31T04:14:54.804+0000] {processor.py:208} INFO - Processing /opt/airflow/dags/probation.py took 0.144 seconds
[2024-10-31T04:15:24.867+0000] {processor.py:186} INFO - Started process (PID=346) to work on /opt/airflow/dags/probation.py
[2024-10-31T04:15:24.868+0000] {processor.py:914} INFO - Processing file /opt/airflow/dags/probation.py for tasks to queue
[2024-10-31T04:15:24.870+0000] {logging_mixin.py:190} INFO - [2024-10-31T04:15:24.869+0000] {dagbag.py:588} INFO - Filling up the DagBag from /opt/airflow/dags/probation.py
[2024-10-31T04:15:24.879+0000] {processor.py:925} INFO - DAG(s) 'probation_v1' retrieved from /opt/airflow/dags/probation.py
[2024-10-31T04:15:24.968+0000] {logging_mixin.py:190} INFO - [2024-10-31T04:15:24.968+0000] {dag.py:3239} INFO - Sync 1 DAGs
[2024-10-31T04:15:24.987+0000] {logging_mixin.py:190} INFO - [2024-10-31T04:15:24.987+0000] {dag.py:4180} INFO - Setting next_dagrun for probation_v1 to 2024-10-31 07:00:00+00:00, run_after=2024-11-01 07:00:00+00:00
[2024-10-31T04:15:25.003+0000] {processor.py:208} INFO - Processing /opt/airflow/dags/probation.py took 0.140 seconds
[2024-10-31T04:15:55.122+0000] {processor.py:186} INFO - Started process (PID=362) to work on /opt/airflow/dags/probation.py
[2024-10-31T04:15:55.122+0000] {processor.py:914} INFO - Processing file /opt/airflow/dags/probation.py for tasks to queue
[2024-10-31T04:15:55.124+0000] {logging_mixin.py:190} INFO - [2024-10-31T04:15:55.124+0000] {dagbag.py:588} INFO - Filling up the DagBag from /opt/airflow/dags/probation.py
[2024-10-31T04:15:55.133+0000] {processor.py:925} INFO - DAG(s) 'probation_v1' retrieved from /opt/airflow/dags/probation.py
[2024-10-31T04:15:55.225+0000] {logging_mixin.py:190} INFO - [2024-10-31T04:15:55.224+0000] {dag.py:3239} INFO - Sync 1 DAGs
[2024-10-31T04:15:55.243+0000] {logging_mixin.py:190} INFO - [2024-10-31T04:15:55.242+0000] {dag.py:4180} INFO - Setting next_dagrun for probation_v1 to 2024-10-31 07:00:00+00:00, run_after=2024-11-01 07:00:00+00:00
[2024-10-31T04:15:55.260+0000] {processor.py:208} INFO - Processing /opt/airflow/dags/probation.py took 0.143 seconds
[2024-10-31T04:16:25.343+0000] {processor.py:186} INFO - Started process (PID=378) to work on /opt/airflow/dags/probation.py
[2024-10-31T04:16:25.344+0000] {processor.py:914} INFO - Processing file /opt/airflow/dags/probation.py for tasks to queue
[2024-10-31T04:16:25.346+0000] {logging_mixin.py:190} INFO - [2024-10-31T04:16:25.346+0000] {dagbag.py:588} INFO - Filling up the DagBag from /opt/airflow/dags/probation.py
[2024-10-31T04:16:25.356+0000] {processor.py:925} INFO - DAG(s) 'probation_v1' retrieved from /opt/airflow/dags/probation.py
[2024-10-31T04:16:25.450+0000] {logging_mixin.py:190} INFO - [2024-10-31T04:16:25.449+0000] {dag.py:3239} INFO - Sync 1 DAGs
[2024-10-31T04:16:25.468+0000] {logging_mixin.py:190} INFO - [2024-10-31T04:16:25.468+0000] {dag.py:4180} INFO - Setting next_dagrun for probation_v1 to 2024-10-31 07:00:00+00:00, run_after=2024-11-01 07:00:00+00:00
[2024-10-31T04:16:25.618+0000] {processor.py:208} INFO - Processing /opt/airflow/dags/probation.py took 0.281 seconds
[2024-10-31T04:16:55.648+0000] {processor.py:186} INFO - Started process (PID=394) to work on /opt/airflow/dags/probation.py
[2024-10-31T04:16:55.648+0000] {processor.py:914} INFO - Processing file /opt/airflow/dags/probation.py for tasks to queue
[2024-10-31T04:16:55.650+0000] {logging_mixin.py:190} INFO - [2024-10-31T04:16:55.650+0000] {dagbag.py:588} INFO - Filling up the DagBag from /opt/airflow/dags/probation.py
[2024-10-31T04:16:55.659+0000] {processor.py:925} INFO - DAG(s) 'probation_v1' retrieved from /opt/airflow/dags/probation.py
[2024-10-31T04:16:55.748+0000] {logging_mixin.py:190} INFO - [2024-10-31T04:16:55.748+0000] {dag.py:3239} INFO - Sync 1 DAGs
[2024-10-31T04:16:55.885+0000] {logging_mixin.py:190} INFO - [2024-10-31T04:16:55.885+0000] {dag.py:4180} INFO - Setting next_dagrun for probation_v1 to 2024-10-31 07:00:00+00:00, run_after=2024-11-01 07:00:00+00:00
[2024-10-31T04:16:55.902+0000] {processor.py:208} INFO - Processing /opt/airflow/dags/probation.py took 0.259 seconds
[2024-10-31T04:17:26.835+0000] {processor.py:186} INFO - Started process (PID=410) to work on /opt/airflow/dags/probation.py
[2024-10-31T04:17:26.836+0000] {processor.py:914} INFO - Processing file /opt/airflow/dags/probation.py for tasks to queue
[2024-10-31T04:17:26.838+0000] {logging_mixin.py:190} INFO - [2024-10-31T04:17:26.838+0000] {dagbag.py:588} INFO - Filling up the DagBag from /opt/airflow/dags/probation.py
[2024-10-31T04:17:26.848+0000] {processor.py:925} INFO - DAG(s) 'probation_v1' retrieved from /opt/airflow/dags/probation.py
[2024-10-31T04:17:26.945+0000] {logging_mixin.py:190} INFO - [2024-10-31T04:17:26.944+0000] {dag.py:3239} INFO - Sync 1 DAGs
[2024-10-31T04:17:27.086+0000] {logging_mixin.py:190} INFO - [2024-10-31T04:17:27.086+0000] {dag.py:4180} INFO - Setting next_dagrun for probation_v1 to 2024-10-31 07:00:00+00:00, run_after=2024-11-01 07:00:00+00:00
[2024-10-31T04:17:27.102+0000] {processor.py:208} INFO - Processing /opt/airflow/dags/probation.py took 0.274 seconds
