[2024-10-31T03:51:08.438+0000] {manager.py:483} INFO - Processing files using up to 2 processes at a time 
[2024-10-31T03:51:08.438+0000] {manager.py:484} INFO - Process each file at most once every 30 seconds
[2024-10-31T03:51:08.439+0000] {manager.py:485} INFO - Checking for new files in /opt/airflow/dags every 300 seconds
[2024-10-31T03:51:08.439+0000] {manager.py:821} INFO - Searching for files in /opt/airflow/dags
[2024-10-31T03:51:08.440+0000] {manager.py:824} INFO - There are 0 files in /opt/airflow/dags
[2024-10-31T03:56:09.058+0000] {manager.py:821} INFO - Searching for files in /opt/airflow/dags
[2024-10-31T03:56:09.064+0000] {manager.py:824} INFO - There are 2 files in /opt/airflow/dags
[2024-10-31T03:56:10.107+0000] {manager.py:997} INFO - 
================================================================================
DAG File Processing Stats

File Path                             PID    Runtime      # DAGs    # Errors  Last Runtime    Last Run               Last # of DB Queries
------------------------------------  -----  ---------  --------  ----------  --------------  -------------------  ----------------------
/opt/airflow/dags/probation.py                                 1           0  0.32s           2024-10-31T03:56:09                      45
/opt/airflow/dags/7_our_first_dag.py                           1           0  0.32s           2024-10-31T03:56:09                      45
================================================================================
[2024-10-31T03:56:40.696+0000] {manager.py:997} INFO - 
================================================================================
DAG File Processing Stats

File Path                             PID    Runtime      # DAGs    # Errors  Last Runtime    Last Run               Last # of DB Queries
------------------------------------  -----  ---------  --------  ----------  --------------  -------------------  ----------------------
/opt/airflow/dags/probation.py                                 1           0  0.36s           2024-10-31T03:56:39                      34
/opt/airflow/dags/7_our_first_dag.py                           1           0  0.13s           2024-10-31T03:56:39                      12
================================================================================
[2024-10-31T03:57:10.966+0000] {manager.py:997} INFO - 
================================================================================
DAG File Processing Stats

File Path                             PID    Runtime      # DAGs    # Errors  Last Runtime    Last Run               Last # of DB Queries
------------------------------------  -----  ---------  --------  ----------  --------------  -------------------  ----------------------
/opt/airflow/dags/probation.py                                 1           0  0.30s           2024-10-31T03:57:10                      34
/opt/airflow/dags/7_our_first_dag.py                           1           0  0.09s           2024-10-31T03:57:09                      12
================================================================================
[2024-10-31T03:57:41.142+0000] {manager.py:997} INFO - 
================================================================================
DAG File Processing Stats

File Path                               PID  Runtime      # DAGs    # Errors  Last Runtime    Last Run               Last # of DB Queries
------------------------------------  -----  ---------  --------  ----------  --------------  -------------------  ----------------------
/opt/airflow/dags/probation.py          308  0.00s             1           0  0.30s           2024-10-31T03:57:10                      34
/opt/airflow/dags/7_our_first_dag.py                           1           0  0.11s           2024-10-31T03:57:40                      12
================================================================================
[2024-10-31T03:58:11.414+0000] {manager.py:997} INFO - 
================================================================================
DAG File Processing Stats

File Path                             PID    Runtime      # DAGs    # Errors  Last Runtime    Last Run               Last # of DB Queries
------------------------------------  -----  ---------  --------  ----------  --------------  -------------------  ----------------------
/opt/airflow/dags/probation.py                                 1           0  0.30s           2024-10-31T03:57:41                      34
/opt/airflow/dags/7_our_first_dag.py                           1           0  0.09s           2024-10-31T03:58:10                      12
================================================================================
[2024-10-31T03:58:41.697+0000] {manager.py:997} INFO - 
================================================================================
DAG File Processing Stats

File Path                               PID  Runtime      # DAGs    # Errors  Last Runtime    Last Run               Last # of DB Queries
------------------------------------  -----  ---------  --------  ----------  --------------  -------------------  ----------------------
/opt/airflow/dags/probation.py          341  0.00s             1           0  0.18s           2024-10-31T03:58:11                      34
/opt/airflow/dags/7_our_first_dag.py                           1           0  0.09s           2024-10-31T03:58:40                      12
================================================================================
[2024-10-31T03:59:12.012+0000] {manager.py:997} INFO - 
================================================================================
DAG File Processing Stats

File Path                               PID  Runtime      # DAGs    # Errors  Last Runtime    Last Run               Last # of DB Queries
------------------------------------  -----  ---------  --------  ----------  --------------  -------------------  ----------------------
/opt/airflow/dags/probation.py          357  0.00s             1           0  0.16s           2024-10-31T03:58:41                      34
/opt/airflow/dags/7_our_first_dag.py                           1           0  0.09s           2024-10-31T03:59:11                      12
================================================================================
[2024-10-31T03:59:42.220+0000] {manager.py:997} INFO - 
================================================================================
DAG File Processing Stats

File Path                               PID  Runtime      # DAGs    # Errors  Last Runtime    Last Run               Last # of DB Queries
------------------------------------  -----  ---------  --------  ----------  --------------  -------------------  ----------------------
/opt/airflow/dags/probation.py          373  0.00s             1           0  0.16s           2024-10-31T03:59:12                      34
/opt/airflow/dags/7_our_first_dag.py                           1           0  0.09s           2024-10-31T03:59:41                      12
================================================================================
[2024-10-31T04:00:12.475+0000] {manager.py:997} INFO - 
================================================================================
DAG File Processing Stats

File Path                             PID    Runtime      # DAGs    # Errors  Last Runtime    Last Run               Last # of DB Queries
------------------------------------  -----  ---------  --------  ----------  --------------  -------------------  ----------------------
/opt/airflow/dags/probation.py                                 1           0  0.29s           2024-10-31T03:59:42                      34
/opt/airflow/dags/7_our_first_dag.py                           1           0  0.09s           2024-10-31T04:00:11                      12
================================================================================
[2024-10-31T04:00:42.742+0000] {manager.py:997} INFO - 
================================================================================
DAG File Processing Stats

File Path                             PID    Runtime      # DAGs    # Errors  Last Runtime    Last Run               Last # of DB Queries
------------------------------------  -----  ---------  --------  ----------  --------------  -------------------  ----------------------
/opt/airflow/dags/probation.py                                 1           0  0.29s           2024-10-31T04:00:12                      34
/opt/airflow/dags/7_our_first_dag.py                           1           0  0.09s           2024-10-31T04:00:41                      12
================================================================================
[2024-10-31T04:01:09.181+0000] {manager.py:821} INFO - Searching for files in /opt/airflow/dags
[2024-10-31T04:01:09.185+0000] {manager.py:824} INFO - There are 2 files in /opt/airflow/dags
[2024-10-31T04:01:13.007+0000] {manager.py:997} INFO - 
================================================================================
DAG File Processing Stats

File Path                             PID    Runtime      # DAGs    # Errors  Last Runtime    Last Run               Last # of DB Queries
------------------------------------  -----  ---------  --------  ----------  --------------  -------------------  ----------------------
/opt/airflow/dags/probation.py                                 1           0  0.31s           2024-10-31T04:00:44                      34
/opt/airflow/dags/7_our_first_dag.py                           1           0  0.09s           2024-10-31T04:01:12                      12
================================================================================
[2024-10-31T04:01:43.251+0000] {manager.py:997} INFO - 
================================================================================
DAG File Processing Stats

File Path                             PID    Runtime      # DAGs    # Errors  Last Runtime    Last Run               Last # of DB Queries
------------------------------------  -----  ---------  --------  ----------  --------------  -------------------  ----------------------
/opt/airflow/dags/probation.py                                 1           0  0.17s           2024-10-31T04:01:14                      34
/opt/airflow/dags/7_our_first_dag.py                           1           0  0.10s           2024-10-31T04:01:42                      12
================================================================================
[2024-10-31T04:02:13.690+0000] {manager.py:997} INFO - 
================================================================================
DAG File Processing Stats

File Path                             PID    Runtime      # DAGs    # Errors  Last Runtime    Last Run               Last # of DB Queries
------------------------------------  -----  ---------  --------  ----------  --------------  -------------------  ----------------------
/opt/airflow/dags/7_our_first_dag.py                           1           0  0.19s           2024-10-31T04:02:12                      34
/opt/airflow/dags/probation.py                                 1           0  0.17s           2024-10-31T04:01:44                      34
================================================================================
[2024-10-31T04:02:44.046+0000] {manager.py:997} INFO - 
================================================================================
DAG File Processing Stats

File Path                             PID    Runtime      # DAGs    # Errors  Last Runtime    Last Run               Last # of DB Queries
------------------------------------  -----  ---------  --------  ----------  --------------  -------------------  ----------------------
/opt/airflow/dags/7_our_first_dag.py                           1           0  0.31s           2024-10-31T04:02:17                      45
/opt/airflow/dags/probation.py                                 1           0  0.16s           2024-10-31T04:02:14                      34
================================================================================
[2024-10-31T04:03:14.516+0000] {manager.py:997} INFO - 
================================================================================
DAG File Processing Stats

File Path                             PID    Runtime      # DAGs    # Errors  Last Runtime    Last Run               Last # of DB Queries
------------------------------------  -----  ---------  --------  ----------  --------------  -------------------  ----------------------
/opt/airflow/dags/probation.py                                 1           0  0.30s           2024-10-31T04:02:45                      34
/opt/airflow/dags/7_our_first_dag.py                           1           0  0.10s           2024-10-31T04:02:47                      12
================================================================================
[2024-10-31T04:03:44.728+0000] {manager.py:997} INFO - 
================================================================================
DAG File Processing Stats

File Path                             PID    Runtime      # DAGs    # Errors  Last Runtime    Last Run               Last # of DB Queries
------------------------------------  -----  ---------  --------  ----------  --------------  -------------------  ----------------------
/opt/airflow/dags/probation.py                                 1           0  0.32s           2024-10-31T04:03:15                      34
/opt/airflow/dags/7_our_first_dag.py                           1           0  0.10s           2024-10-31T04:03:17                      12
================================================================================
[2024-10-31T04:04:14.982+0000] {manager.py:997} INFO - 
================================================================================
DAG File Processing Stats

File Path                             PID    Runtime      # DAGs    # Errors  Last Runtime    Last Run               Last # of DB Queries
------------------------------------  -----  ---------  --------  ----------  --------------  -------------------  ----------------------
/opt/airflow/dags/probation.py                                 1           0  0.29s           2024-10-31T04:03:47                      34
/opt/airflow/dags/7_our_first_dag.py                           1           0  0.10s           2024-10-31T04:03:47                      12
================================================================================
[2024-10-31T04:04:45.217+0000] {manager.py:997} INFO - 
================================================================================
DAG File Processing Stats

File Path                             PID    Runtime      # DAGs    # Errors  Last Runtime    Last Run               Last # of DB Queries
------------------------------------  -----  ---------  --------  ----------  --------------  -------------------  ----------------------
/opt/airflow/dags/probation.py                                 1           0  0.17s           2024-10-31T04:04:17                      34
/opt/airflow/dags/7_our_first_dag.py                           1           0  0.10s           2024-10-31T04:04:18                      12
================================================================================
[2024-10-31T04:05:15.472+0000] {manager.py:997} INFO - 
================================================================================
DAG File Processing Stats

File Path                             PID    Runtime      # DAGs    # Errors  Last Runtime    Last Run               Last # of DB Queries
------------------------------------  -----  ---------  --------  ----------  --------------  -------------------  ----------------------
/opt/airflow/dags/probation.py                                 1           0  0.17s           2024-10-31T04:04:47                      34
/opt/airflow/dags/7_our_first_dag.py                           1           0  0.09s           2024-10-31T04:04:48                      12
================================================================================
[2024-10-31T04:05:45.704+0000] {manager.py:997} INFO - 
================================================================================
DAG File Processing Stats

File Path                             PID    Runtime      # DAGs    # Errors  Last Runtime    Last Run               Last # of DB Queries
------------------------------------  -----  ---------  --------  ----------  --------------  -------------------  ----------------------
/opt/airflow/dags/probation.py                                 1           0  0.35s           2024-10-31T04:05:17                      34
/opt/airflow/dags/7_our_first_dag.py                           1           0  0.10s           2024-10-31T04:05:18                      12
================================================================================
[2024-10-31T04:05:52.142+0000] {manager.py:465} INFO - Exiting gracefully upon receiving signal 15
[2024-10-31T04:08:26.777+0000] {manager.py:483} INFO - Processing files using up to 2 processes at a time 
[2024-10-31T04:08:26.777+0000] {manager.py:484} INFO - Process each file at most once every 30 seconds
[2024-10-31T04:08:26.779+0000] {manager.py:485} INFO - Checking for new files in /opt/airflow/dags every 300 seconds
[2024-10-31T04:08:26.780+0000] {manager.py:821} INFO - Searching for files in /opt/airflow/dags
[2024-10-31T04:08:26.789+0000] {manager.py:824} INFO - There are 2 files in /opt/airflow/dags
[2024-10-31T04:08:26.877+0000] {manager.py:997} INFO - 
================================================================================
DAG File Processing Stats

File Path                               PID  Runtime      # DAGs    # Errors  Last Runtime    Last Run      Last # of DB Queries
------------------------------------  -----  ---------  --------  ----------  --------------  ----------  ----------------------
/opt/airflow/dags/7_our_first_dag.py    179  0.04s             0           0                                                   0
/opt/airflow/dags/probation.py          182  0.03s             0           0                                                   0
================================================================================
[2024-10-31T04:08:57.484+0000] {manager.py:997} INFO - 
================================================================================
DAG File Processing Stats

File Path                               PID  Runtime      # DAGs    # Errors  Last Runtime    Last Run               Last # of DB Queries
------------------------------------  -----  ---------  --------  ----------  --------------  -------------------  ----------------------
/opt/airflow/dags/probation.py          201  0.00s             1           0  0.52s           2024-10-31T04:08:27                      45
/opt/airflow/dags/7_our_first_dag.py    198  0.01s             1           0  0.48s           2024-10-31T04:08:27                      45
================================================================================
[2024-10-31T04:09:27.783+0000] {manager.py:997} INFO - 
================================================================================
DAG File Processing Stats

File Path                               PID  Runtime      # DAGs    # Errors  Last Runtime    Last Run               Last # of DB Queries
------------------------------------  -----  ---------  --------  ----------  --------------  -------------------  ----------------------
/opt/airflow/dags/probation.py          223  0.01s             1           0  0.21s           2024-10-31T04:08:57                      34
/opt/airflow/dags/7_our_first_dag.py    220  0.01s             1           0  0.12s           2024-10-31T04:08:57                      12
================================================================================
[2024-10-31T04:09:58.087+0000] {manager.py:997} INFO - 
================================================================================
DAG File Processing Stats

File Path                               PID  Runtime      # DAGs    # Errors  Last Runtime    Last Run               Last # of DB Queries
------------------------------------  -----  ---------  --------  ----------  --------------  -------------------  ----------------------
/opt/airflow/dags/probation.py          243  0.00s             1           0  0.21s           2024-10-31T04:09:27                      34
/opt/airflow/dags/7_our_first_dag.py    240  0.01s             1           0  0.14s           2024-10-31T04:09:27                      12
================================================================================
[2024-10-31T04:10:05.180+0000] {manager.py:465} INFO - Exiting gracefully upon receiving signal 15
[2024-10-31T04:10:52.004+0000] {manager.py:483} INFO - Processing files using up to 2 processes at a time 
[2024-10-31T04:10:52.005+0000] {manager.py:484} INFO - Process each file at most once every 30 seconds
[2024-10-31T04:10:52.007+0000] {manager.py:485} INFO - Checking for new files in /opt/airflow/dags every 300 seconds
[2024-10-31T04:10:52.007+0000] {manager.py:821} INFO - Searching for files in /opt/airflow/dags
[2024-10-31T04:10:52.012+0000] {manager.py:824} INFO - There are 2 files in /opt/airflow/dags
[2024-10-31T04:10:52.076+0000] {manager.py:997} INFO - 
================================================================================
DAG File Processing Stats

File Path                               PID  Runtime      # DAGs    # Errors  Last Runtime    Last Run      Last # of DB Queries
------------------------------------  -----  ---------  --------  ----------  --------------  ----------  ----------------------
/opt/airflow/dags/7_our_first_dag.py    179  0.02s             0           0                                                   0
/opt/airflow/dags/probation.py          182  0.02s             0           0                                                   0
================================================================================
[2024-10-31T04:11:22.229+0000] {manager.py:997} INFO - 
================================================================================
DAG File Processing Stats

File Path                             PID    Runtime      # DAGs    # Errors  Last Runtime    Last Run               Last # of DB Queries
------------------------------------  -----  ---------  --------  ----------  --------------  -------------------  ----------------------
/opt/airflow/dags/7_our_first_dag.py                           1           0  0.40s           2024-10-31T04:10:52                      45
/opt/airflow/dags/probation.py                                 1           0  0.40s           2024-10-31T04:10:52                      45
================================================================================
[2024-10-31T04:11:52.922+0000] {manager.py:997} INFO - 
================================================================================
DAG File Processing Stats

File Path                               PID  Runtime      # DAGs    # Errors  Last Runtime    Last Run               Last # of DB Queries
------------------------------------  -----  ---------  --------  ----------  --------------  -------------------  ----------------------
/opt/airflow/dags/probation.py          220  0.00s             1           0  0.19s           2024-10-31T04:11:22                      34
/opt/airflow/dags/7_our_first_dag.py    217  0.01s             1           0  0.12s           2024-10-31T04:11:22                      12
================================================================================
[2024-10-31T04:12:23.194+0000] {manager.py:997} INFO - 
================================================================================
DAG File Processing Stats

File Path                               PID  Runtime      # DAGs    # Errors  Last Runtime    Last Run               Last # of DB Queries
------------------------------------  -----  ---------  --------  ----------  --------------  -------------------  ----------------------
/opt/airflow/dags/probation.py          242  0.00s             1           0  0.18s           2024-10-31T04:11:53                      34
/opt/airflow/dags/7_our_first_dag.py    239  0.01s             1           0  0.10s           2024-10-31T04:11:53                      12
================================================================================
[2024-10-31T04:12:53.546+0000] {manager.py:997} INFO - 
================================================================================
DAG File Processing Stats

File Path                               PID  Runtime      # DAGs    # Errors  Last Runtime    Last Run               Last # of DB Queries
------------------------------------  -----  ---------  --------  ----------  --------------  -------------------  ----------------------
/opt/airflow/dags/7_our_first_dag.py                           1           0  0.17s           2024-10-31T04:12:29                      34
/opt/airflow/dags/probation.py          260  0.00s             1           0  0.17s           2024-10-31T04:12:23                      34
================================================================================
[2024-10-31T04:13:23.887+0000] {manager.py:997} INFO - 
================================================================================
DAG File Processing Stats

File Path                               PID  Runtime      # DAGs    # Errors  Last Runtime    Last Run               Last # of DB Queries
------------------------------------  -----  ---------  --------  ----------  --------------  -------------------  ----------------------
/opt/airflow/dags/probation.py          276  0.00s             1           0  0.17s           2024-10-31T04:12:53                      34
/opt/airflow/dags/7_our_first_dag.py                           1           0  0.09s           2024-10-31T04:12:59                      12
================================================================================
[2024-10-31T04:13:54.085+0000] {manager.py:997} INFO - 
================================================================================
DAG File Processing Stats

File Path                               PID  Runtime      # DAGs    # Errors  Last Runtime    Last Run               Last # of DB Queries
------------------------------------  -----  ---------  --------  ----------  --------------  -------------------  ----------------------
/opt/airflow/dags/probation.py          298  0.00s             1           0  0.16s           2024-10-31T04:13:24                      34
/opt/airflow/dags/7_our_first_dag.py                           1           0  0.08s           2024-10-31T04:13:30                      12
================================================================================
[2024-10-31T04:14:24.321+0000] {manager.py:997} INFO - 
================================================================================
DAG File Processing Stats

File Path                               PID  Runtime      # DAGs    # Errors  Last Runtime    Last Run               Last # of DB Queries
------------------------------------  -----  ---------  --------  ----------  --------------  -------------------  ----------------------
/opt/airflow/dags/probation.py          314  0.00s             1           0  0.15s           2024-10-31T04:13:54                      34
/opt/airflow/dags/7_our_first_dag.py                           1           0  0.09s           2024-10-31T04:14:00                      12
================================================================================
[2024-10-31T04:14:54.656+0000] {manager.py:997} INFO - 
================================================================================
DAG File Processing Stats

File Path                               PID  Runtime      # DAGs    # Errors  Last Runtime    Last Run               Last # of DB Queries
------------------------------------  -----  ---------  --------  ----------  --------------  -------------------  ----------------------
/opt/airflow/dags/probation.py          330  0.00s             1           0  0.16s           2024-10-31T04:14:24                      34
/opt/airflow/dags/7_our_first_dag.py                           1           0  0.09s           2024-10-31T04:14:30                      12
================================================================================
[2024-10-31T04:15:24.859+0000] {manager.py:997} INFO - 
================================================================================
DAG File Processing Stats

File Path                               PID  Runtime      # DAGs    # Errors  Last Runtime    Last Run               Last # of DB Queries
------------------------------------  -----  ---------  --------  ----------  --------------  -------------------  ----------------------
/opt/airflow/dags/probation.py          346  0.00s             1           0  0.16s           2024-10-31T04:14:54                      34
/opt/airflow/dags/7_our_first_dag.py                           1           0  0.09s           2024-10-31T04:15:00                      12
================================================================================
[2024-10-31T04:15:52.074+0000] {manager.py:821} INFO - Searching for files in /opt/airflow/dags
[2024-10-31T04:15:52.079+0000] {manager.py:824} INFO - There are 2 files in /opt/airflow/dags
[2024-10-31T04:15:55.113+0000] {manager.py:997} INFO - 
================================================================================
DAG File Processing Stats

File Path                               PID  Runtime      # DAGs    # Errors  Last Runtime    Last Run               Last # of DB Queries
------------------------------------  -----  ---------  --------  ----------  --------------  -------------------  ----------------------
/opt/airflow/dags/probation.py          362  0.00s             1           0  0.16s           2024-10-31T04:15:25                      34
/opt/airflow/dags/7_our_first_dag.py                           1           0  0.09s           2024-10-31T04:15:31                      12
================================================================================
[2024-10-31T04:16:25.332+0000] {manager.py:997} INFO - 
================================================================================
DAG File Processing Stats

File Path                               PID  Runtime      # DAGs    # Errors  Last Runtime    Last Run               Last # of DB Queries
------------------------------------  -----  ---------  --------  ----------  --------------  -------------------  ----------------------
/opt/airflow/dags/probation.py          378  0.00s             1           0  0.16s           2024-10-31T04:15:55                      34
/opt/airflow/dags/7_our_first_dag.py                           1           0  0.09s           2024-10-31T04:16:01                      12
================================================================================
[2024-10-31T04:16:55.569+0000] {manager.py:997} INFO - 
================================================================================
DAG File Processing Stats

File Path                             PID    Runtime      # DAGs    # Errors  Last Runtime    Last Run               Last # of DB Queries
------------------------------------  -----  ---------  --------  ----------  --------------  -------------------  ----------------------
/opt/airflow/dags/probation.py                                 1           0  0.30s           2024-10-31T04:16:25                      34
/opt/airflow/dags/7_our_first_dag.py                           1           0  0.09s           2024-10-31T04:16:31                      12
================================================================================
[2024-10-31T04:17:25.814+0000] {manager.py:997} INFO - 
================================================================================
DAG File Processing Stats

File Path                             PID    Runtime      # DAGs    # Errors  Last Runtime    Last Run               Last # of DB Queries
------------------------------------  -----  ---------  --------  ----------  --------------  -------------------  ----------------------
/opt/airflow/dags/probation.py                                 1           0  0.28s           2024-10-31T04:16:55                      34
/opt/airflow/dags/7_our_first_dag.py                           1           0  0.09s           2024-10-31T04:17:01                      12
================================================================================
[2024-10-31T04:17:55.263+0000] {manager.py:465} INFO - Exiting gracefully upon receiving signal 15
